
> react_repo@0.0.0 build
> yes | pnpm install && rm -rf node_modules/.vite-temp && tsc -b && vite build

Lockfile is up to date, resolution step is skipped
Progress: resolved 1, reused 0, downloaded 0, added 0
Packages: +479
++++++++++++++++++++++++++++++++++++++++++++++++++++++++++++++++++++++++++++++
Progress: resolved 1, reused 0, downloaded 0, added 0
Progress: resolved 479, reused 0, downloaded 0, added 0
Progress: resolved 479, reused 70, downloaded 0, added 0
Progress: resolved 479, reused 140, downloaded 0, added 0
8428941079, downloaded 0, added 6
   ╭──────────────────────────────────────────╮
   │                                          │
   │   Update available! 10.12.4 → 10.15.0.   │
   │   Changelog: https://pnpm.io/v/10.15.0   │
   │     To update, run: pnpm add -g pnpm     │
   │                                          │
   ╰──────────────────────────────────────────╯

Progress: resolved 479, reused 479, downloaded 0, added 6
Progress: resolved 479, reused 479, downloaded 0, added 23
Progress: resolved 479, reused 479, downloaded 0, added 168
26134942377Progress: resolved 479, reused 479, downloaded 0, added 479, done

dependencies:
+ @hookform/resolvers 3.10.0
+ @monaco-editor/react 4.7.0
+ @radix-ui/react-accordion 1.2.4
+ @radix-ui/react-alert-dialog 1.1.7
+ @radix-ui/react-aspect-ratio 1.1.3
+ @radix-ui/react-avatar 1.1.4
+ @radix-ui/react-checkbox 1.1.5
+ @radix-ui/react-collapsible 1.1.4
+ @radix-ui/react-context-menu 2.2.7
+ @radix-ui/react-dialog 1.1.7
+ @radix-ui/react-dropdown-menu 2.1.7
+ @radix-ui/react-hover-card 1.1.7
+ @radix-ui/react-label 2.1.3
+ @radix-ui/react-menubar 1.1.7
+ @radix-ui/react-navigation-menu 1.2.6
+ @radix-ui/react-popover 1.1.7
+ @radix-ui/react-progress 1.1.3
+ @radix-ui/react-radio-group 1.2.4
+ @radix-ui/react-scroll-area 1.2.4
+ @radix-ui/react-select 2.1.7
+ @radix-ui/react-separator 1.1.3
+ @radix-ui/react-slider 1.2.4
+ @radix-ui/react-slot 1.2.0
+ @radix-ui/react-switch 1.1.4
+ @radix-ui/react-tabs 1.1.4
+ @radix-ui/react-toast 1.2.7
+ @radix-ui/react-toggle 1.1.3
+ @radix-ui/react-toggle-group 1.1.3
+ @radix-ui/react-tooltip 1.2.0
+ @supabase/supabase-js 2.56.0
+ class-variance-authority 0.7.1
+ clsx 2.1.1
+ cmdk 1.0.0
+ date-fns 3.6.0
+ embla-carousel-react 8.6.0
+ input-otp 1.4.2
+ lucide-react 0.364.0
+ next-themes 0.4.6
+ quill 2.0.3
+ react 18.3.1
+ react-day-picker 8.10.1
+ react-dom 18.3.1
+ react-hook-form 7.55.0
+ react-quill 2.0.0
+ react-resizable-panels 2.1.7
+ react-router-dom 6.30.0
+ recharts 2.15.2
+ sonner 1.7.4
+ tailwind-merge 2.6.0
+ tailwindcss-animate 1.0.7
+ vaul 1.1.2
+ zod 3.24.2

devDependencies:
+ @eslint/js 9.24.0
+ @types/node 22.14.1
+ @types/react 18.3.20
+ @types/react-dom 18.3.6
+ @types/react-router-dom 5.3.3
+ @vitejs/plugin-react 4.3.4
+ autoprefixer 10.4.20
+ eslint 9.24.0
+ eslint-plugin-react-hooks 5.2.0
+ eslint-plugin-react-refresh 0.4.19
+ globals 15.15.0
+ postcss 8.4.49
+ tailwindcss 3.4.16
+ typescript 5.6.3
+ typescript-eslint 8.29.1
+ vite 6.2.6
+ vite-plugin-source-identifier 1.1.2

╭ Warning ─────────────────────────────────────────────────────────────────────╮
│                                                                              │
│   Ignored build scripts: esbuild.                                            │
│   Run "pnpm approve-builds" to pick which dependencies should be allowed     │
│   to run scripts.                                                            │
│                                                                              │
╰──────────────────────────────────────────────────────────────────────────────╯

Done in 5.2s using pnpm v10.12.4
src/pages/content/AIAgentEditor.tsx:247:2 - error TS1434: Unexpected keyword or identifier.

247 }x items-center justify-between mb-4">
     ~

src/pages/content/AIAgentEditor.tsx:247:17 - error TS1005: ';' expected.

247 }x items-center justify-between mb-4">
                    ~~~~~~~

src/pages/content/AIAgentEditor.tsx:247:33 - error TS1005: ';' expected.

247 }x items-center justify-between mb-4">
                                    ~~

src/pages/content/AIAgentEditor.tsx:247:37 - error TS1005: ';' expected.

247 }x items-center justify-between mb-4">
                                        ~~

src/pages/content/AIAgentEditor.tsx:247:39 - error TS1002: Unterminated string literal.

247 }x items-center justify-between mb-4">
                                          

src/pages/content/AIAgentEditor.tsx:248:17 - error TS1005: ';' expected.

248             <h2 className="text-lg font-semibold text-gray-900 flex items-center">
                    ~~~~~~~~~

src/pages/content/AIAgentEditor.tsx:250:15 - error TS1434: Unexpected keyword or identifier.

250               System Prompt
                  ~~~~~~

src/pages/content/AIAgentEditor.tsx:251:13 - error TS1128: Declaration or statement expected.

251             </h2>
                ~~

src/pages/content/AIAgentEditor.tsx:264:11 - error TS1128: Declaration or statement expected.

264           </div>
              ~~

src/pages/content/AIAgentEditor.tsx:284:9 - error TS1128: Declaration or statement expected.

284         </div>
            ~~

src/pages/content/AIAgentEditor.tsx:287:14 - error TS1005: ';' expected.

287         <div className="bg-white rounded-xl shadow-sm border border-gray-200">
                 ~~~~~~~~~

src/pages/content/AIAgentEditor.tsx:288:11 - error TS2657: JSX expressions must have one parent element.

288           <div className="border-b border-gray-200 p-6">
              ~~~~~~~~~~~~~~~~~~~~~~~~~~~~~~~~~~~~~~~~~~~~~~
289             <div className="flex items-center justify-between">
    ~~~~~~~~~~~~~~~~~~~~~~~~~~~~~~~~~~~~~~~~~~~~~~~~~~~~~~~~~~~~~~~
... 
492             </div>
    ~~~~~~~~~~~~~~~~~~
493           </div>
    ~~~~~~~~~~~~~~~~

src/pages/content/AIAgentEditor.tsx:494:9 - error TS1128: Declaration or statement expected.

494         </div>
            ~~

src/pages/content/AIAgentEditor.tsx:495:7 - error TS1109: Expression expected.

495       </div>
          ~~

src/pages/content/AIAgentEditor.tsx:496:5 - error TS1109: Expression expected.

496     </ContentEditor>
        ~~

src/pages/content/AIAgentEditor.tsx:497:3 - error TS1109: Expression expected.

497   )
      ~

src/pages/content/AIAgentEditor.tsx:498:1 - error TS1128: Declaration or statement expected.

498 }
    ~


Found 17 errors.

